2019-05-16 12:13:55,841 DEBUG O.l.Log4JLogger [Pipeline-FlatFileTestPipe] Input  <TestInpAdapter> pushed <0> events into the valid buffer <OpenRate.buffer.ArrayListQueueBuffer@32a184b8> in <15> ms
2019-05-16 12:14:00,847 DEBUG O.l.Log4JLogger [Pipeline-FlatFileTestPipe] Input  <TestInpAdapter> pushed <0> events into the valid buffer <OpenRate.buffer.ArrayListQueueBuffer@32a184b8> in <1> ms
2019-05-16 12:14:02,113 DEBUG O.l.Log4JLogger [Pipeline-FlatFileTestPipe] Input  <TestInpAdapter> pushed <0> events into the valid buffer <OpenRate.buffer.ArrayListQueueBuffer@6332a792> in <1> ms
2019-05-16 12:14:07,117 INFO O.l.Log4JLogger [Pipeline-FlatFileTestPipe] Opened transaction <1> for pipeline <FlatFileTestPipe>
2019-05-16 12:14:07,120 DEBUG O.l.Log4JLogger [Pipeline-FlatFileTestPipe] Input  <TestInpAdapter> pushed <3> events into the valid buffer <OpenRate.buffer.ArrayListQueueBuffer@6332a792> in <4> ms
2019-05-16 12:14:07,122 INFO O.l.Log4JLogger [SOutAdapter.Inst-0] Output <SOutAdapter> persisted <3> events from a batch of <3> events in <2> ms
2019-05-16 12:14:07,123 INFO O.l.Log4JLogger [TransFlusher.FlatFileTestPipe-Inst-0] Transaction <1> closed
2019-05-16 12:14:07,123 INFO O.l.Log4JLogger [TransFlusher.FlatFileTestPipe-Inst-0] Statistics: Records  <1>
2019-05-16 12:14:07,123 INFO O.l.Log4JLogger [TransFlusher.FlatFileTestPipe-Inst-0]             Duration <6> ms
2019-05-16 12:14:07,123 INFO O.l.Log4JLogger [TransFlusher.FlatFileTestPipe-Inst-0]             Speed    <166> records /sec
2019-05-16 12:14:07,224 DEBUG O.l.Log4JLogger [Pipeline-FlatFileTestPipe] Input  <TestInpAdapter> pushed <0> events into the valid buffer <OpenRate.buffer.ArrayListQueueBuffer@6332a792> in <1> ms
2019-05-16 12:14:08,458 DEBUG O.l.Log4JLogger [Pipeline-DBTestPipe] Input  <TestInpAdapter> pushed <0> events into the valid buffer <OpenRate.buffer.ArrayListQueueBuffer@caab299> in <0> ms
2019-05-16 12:14:13,461 DEBUG O.l.Log4JLogger [Pipeline-DBTestPipe] Input  <TestInpAdapter> pushed <0> events into the valid buffer <OpenRate.buffer.ArrayListQueueBuffer@caab299> in <0> ms
2019-05-16 12:14:14,699 DEBUG O.l.Log4JLogger [Pipeline-DBTestPipe] Input  <TestInpAdapter> pushed <0> events into the valid buffer <OpenRate.buffer.ArrayListQueueBuffer@5aea520c> in <0> ms
2019-05-16 12:14:19,703 DEBUG O.l.Log4JLogger [Pipeline-DBTestPipe] Input  <TestInpAdapter> pushed <0> events into the valid buffer <OpenRate.buffer.ArrayListQueueBuffer@5aea520c> in <0> ms
2019-05-16 12:14:20,949 DEBUG O.l.Log4JLogger [Pipeline-DBTestPipe] Input  <TestInpAdapter> pushed <0> events into the valid buffer <OpenRate.buffer.ArrayListQueueBuffer@2c201647> in <0> ms
2019-05-16 12:14:25,951 DEBUG O.l.Log4JLogger [Pipeline-DBTestPipe] Input  <TestInpAdapter> pushed <0> events into the valid buffer <OpenRate.buffer.ArrayListQueueBuffer@2c201647> in <0> ms
2019-05-16 12:14:35,241 INFO O.l.Log4JLogger [main] Opened transaction <2> for pipeline <test>
2019-05-16 12:14:35,245 INFO O.l.Log4JLogger [TransFlusher.DBTestPipe-Inst-0] Transaction <2> closed
2019-05-16 12:14:35,245 INFO O.l.Log4JLogger [TransFlusher.DBTestPipe-Inst-0] Statistics: Records  <0>
2019-05-16 12:14:35,245 INFO O.l.Log4JLogger [TransFlusher.DBTestPipe-Inst-0]             Duration <4> ms
2019-05-16 12:14:35,245 INFO O.l.Log4JLogger [TransFlusher.DBTestPipe-Inst-0]             Speed    <0> records /sec
2019-05-16 12:14:35,349 INFO O.l.Log4JLogger [main] Opened transaction <3> for pipeline <test>
2019-05-16 12:14:35,595 INFO O.l.Log4JLogger [TransFlusher.DBTestPipe-Inst-0] Transaction <3> closed
2019-05-16 12:14:35,595 INFO O.l.Log4JLogger [TransFlusher.DBTestPipe-Inst-0] Statistics: Records  <0>
2019-05-16 12:14:35,596 INFO O.l.Log4JLogger [TransFlusher.DBTestPipe-Inst-0]             Duration <246> ms
2019-05-16 12:14:35,596 INFO O.l.Log4JLogger [TransFlusher.DBTestPipe-Inst-0]             Speed    <0> records /sec
2019-05-16 12:14:35,682 INFO O.l.Log4JLogger [main] Opened transaction <4> for pipeline <test>
2019-05-16 12:14:35,686 INFO O.l.Log4JLogger [TransFlusher.DBTestPipe-Inst-0] Transaction <4> closed
2019-05-16 12:14:35,687 INFO O.l.Log4JLogger [TransFlusher.DBTestPipe-Inst-0] Statistics: Records  <0>
2019-05-16 12:14:35,687 INFO O.l.Log4JLogger [TransFlusher.DBTestPipe-Inst-0]             Duration <4> ms
2019-05-16 12:14:35,687 INFO O.l.Log4JLogger [TransFlusher.DBTestPipe-Inst-0]             Speed    <0> records /sec
2019-05-16 12:14:35,788 INFO O.l.Log4JLogger [main] Opened transaction <5> for pipeline <test>
2019-05-16 12:14:35,790 INFO O.l.Log4JLogger [TransFlusher.DBTestPipe-Inst-0] Transaction <5> closed
2019-05-16 12:14:35,790 INFO O.l.Log4JLogger [TransFlusher.DBTestPipe-Inst-0] Statistics: Records  <0>
2019-05-16 12:14:35,790 INFO O.l.Log4JLogger [TransFlusher.DBTestPipe-Inst-0]             Duration <2> ms
2019-05-16 12:14:35,790 INFO O.l.Log4JLogger [TransFlusher.DBTestPipe-Inst-0]             Speed    <0> records /sec
2019-05-16 12:14:35,893 INFO O.l.Log4JLogger [main] Opened transaction <6> for pipeline <test>
2019-05-16 12:14:35,984 INFO O.l.Log4JLogger [main] Opened transaction <7> for pipeline <test>
2019-05-16 12:14:36,668 INFO O.l.Log4JLogger [TransFlusher.DBTestPipe-Inst-0] Transaction <6> closed
2019-05-16 12:14:36,668 INFO O.l.Log4JLogger [TransFlusher.DBTestPipe-Inst-0] Statistics: Records  <0>
2019-05-16 12:14:36,668 INFO O.l.Log4JLogger [TransFlusher.DBTestPipe-Inst-0]             Duration <775> ms
2019-05-16 12:14:36,668 INFO O.l.Log4JLogger [TransFlusher.DBTestPipe-Inst-0]             Speed    <0> records /sec
2019-05-16 12:14:36,983 INFO O.l.Log4JLogger [TransFlusher.DBTestPipe-Inst-0] Transaction <7> closed
2019-05-16 12:14:36,985 INFO O.l.Log4JLogger [TransFlusher.DBTestPipe-Inst-0] Statistics: Records  <0>
2019-05-16 12:14:36,986 INFO O.l.Log4JLogger [TransFlusher.DBTestPipe-Inst-0]             Duration <1001> ms
2019-05-16 12:14:36,986 INFO O.l.Log4JLogger [TransFlusher.DBTestPipe-Inst-0]             Speed    <0> records /sec
2019-05-16 12:14:37,089 INFO O.l.Log4JLogger [main] Opened transaction <8> for pipeline <test>
2019-05-16 12:14:37,090 INFO O.l.Log4JLogger [main] Opened transaction <9> for pipeline <test>
2019-05-16 12:14:37,092 INFO O.l.Log4JLogger [TransFlusher.DBTestPipe-Inst-0] Transaction <8> closed
2019-05-16 12:14:37,092 INFO O.l.Log4JLogger [TransFlusher.DBTestPipe-Inst-0] Statistics: Records  <0>
2019-05-16 12:14:37,092 INFO O.l.Log4JLogger [TransFlusher.DBTestPipe-Inst-0]             Duration <3> ms
2019-05-16 12:14:37,093 INFO O.l.Log4JLogger [TransFlusher.DBTestPipe-Inst-0]             Speed    <0> records /sec
2019-05-16 12:14:37,097 INFO O.l.Log4JLogger [TransFlusher.DBTestPipe-Inst-0] Transaction <9> closed
2019-05-16 12:14:37,098 INFO O.l.Log4JLogger [TransFlusher.DBTestPipe-Inst-0] Statistics: Records  <0>
2019-05-16 12:14:37,098 INFO O.l.Log4JLogger [TransFlusher.DBTestPipe-Inst-0]             Duration <7> ms
2019-05-16 12:14:37,098 INFO O.l.Log4JLogger [TransFlusher.DBTestPipe-Inst-0]             Speed    <0> records /sec
2019-05-16 12:14:37,194 INFO O.l.Log4JLogger [main] Opened transaction <10> for pipeline <test>
2019-05-16 12:14:37,196 INFO O.l.Log4JLogger [TransFlusher.DBTestPipe-Inst-0] Transaction <10> closed
2019-05-16 12:14:37,196 INFO O.l.Log4JLogger [TransFlusher.DBTestPipe-Inst-0] Statistics: Records  <0>
2019-05-16 12:14:37,196 INFO O.l.Log4JLogger [TransFlusher.DBTestPipe-Inst-0]             Duration <2> ms
2019-05-16 12:14:37,196 INFO O.l.Log4JLogger [TransFlusher.DBTestPipe-Inst-0]             Speed    <0> records /sec
2019-05-16 12:15:14,605 DEBUG O.l.Log4JLogger [Pipeline-FlatFileTestPipe] Input  <TestInpAdapter> pushed <0> events into the valid buffer <OpenRate.buffer.ArrayListQueueBuffer@1209d944> in <12> ms
2019-05-16 12:15:15,732 DEBUG O.l.Log4JLogger [Pipeline-FlatFileTestPipe] Input  <TestInpAdapter> pushed <0> events into the valid buffer <OpenRate.buffer.ArrayListQueueBuffer@4d07d585> in <0> ms
2019-05-16 12:15:20,735 INFO O.l.Log4JLogger [Pipeline-FlatFileTestPipe] Opened transaction <1> for pipeline <FlatFileTestPipe>
2019-05-16 12:15:20,739 DEBUG O.l.Log4JLogger [Pipeline-FlatFileTestPipe] Input  <TestInpAdapter> pushed <3> events into the valid buffer <OpenRate.buffer.ArrayListQueueBuffer@4d07d585> in <5> ms
2019-05-16 12:15:20,741 INFO O.l.Log4JLogger [SOutAdapter.Inst-0] Output <SOutAdapter> persisted <3> events from a batch of <3> events in <2> ms
2019-05-16 12:15:20,742 INFO O.l.Log4JLogger [TransFlusher.FlatFileTestPipe-Inst-0] Transaction <1> closed
2019-05-16 12:15:20,742 INFO O.l.Log4JLogger [TransFlusher.FlatFileTestPipe-Inst-0] Statistics: Records  <1>
2019-05-16 12:15:20,742 INFO O.l.Log4JLogger [TransFlusher.FlatFileTestPipe-Inst-0]             Duration <7> ms
2019-05-16 12:15:20,742 INFO O.l.Log4JLogger [TransFlusher.FlatFileTestPipe-Inst-0]             Speed    <142> records /sec
2019-05-16 12:15:20,842 DEBUG O.l.Log4JLogger [Pipeline-FlatFileTestPipe] Input  <TestInpAdapter> pushed <0> events into the valid buffer <OpenRate.buffer.ArrayListQueueBuffer@4d07d585> in <0> ms
2019-05-16 12:15:22,076 DEBUG O.l.Log4JLogger [Pipeline-DBTestPipe] Input  <TestInpAdapter> pushed <0> events into the valid buffer <OpenRate.buffer.ArrayListQueueBuffer@44146efd> in <0> ms
2019-05-16 12:15:27,080 DEBUG O.l.Log4JLogger [Pipeline-DBTestPipe] Input  <TestInpAdapter> pushed <0> events into the valid buffer <OpenRate.buffer.ArrayListQueueBuffer@44146efd> in <0> ms
2019-05-16 12:15:28,318 DEBUG O.l.Log4JLogger [Pipeline-DBTestPipe] Input  <TestInpAdapter> pushed <0> events into the valid buffer <OpenRate.buffer.ArrayListQueueBuffer@336a060f> in <0> ms
2019-05-16 12:15:33,321 DEBUG O.l.Log4JLogger [Pipeline-DBTestPipe] Input  <TestInpAdapter> pushed <0> events into the valid buffer <OpenRate.buffer.ArrayListQueueBuffer@336a060f> in <0> ms
2019-05-16 12:15:34,560 DEBUG O.l.Log4JLogger [Pipeline-DBTestPipe] Input  <TestInpAdapter> pushed <0> events into the valid buffer <OpenRate.buffer.ArrayListQueueBuffer@140f7aed> in <0> ms
2019-05-16 12:15:39,566 DEBUG O.l.Log4JLogger [Pipeline-DBTestPipe] Input  <TestInpAdapter> pushed <0> events into the valid buffer <OpenRate.buffer.ArrayListQueueBuffer@140f7aed> in <0> ms
2019-05-16 12:15:48,604 INFO O.l.Log4JLogger [main] Opened transaction <2> for pipeline <test>
2019-05-16 12:15:48,610 INFO O.l.Log4JLogger [TransFlusher.DBTestPipe-Inst-0] Transaction <2> closed
2019-05-16 12:15:48,610 INFO O.l.Log4JLogger [TransFlusher.DBTestPipe-Inst-0] Statistics: Records  <0>
2019-05-16 12:15:48,610 INFO O.l.Log4JLogger [TransFlusher.DBTestPipe-Inst-0]             Duration <6> ms
2019-05-16 12:15:48,611 INFO O.l.Log4JLogger [TransFlusher.DBTestPipe-Inst-0]             Speed    <0> records /sec
2019-05-16 12:15:48,714 INFO O.l.Log4JLogger [main] Opened transaction <3> for pipeline <test>
2019-05-16 12:15:48,939 INFO O.l.Log4JLogger [TransFlusher.DBTestPipe-Inst-0] Transaction <3> closed
2019-05-16 12:15:48,939 INFO O.l.Log4JLogger [TransFlusher.DBTestPipe-Inst-0] Statistics: Records  <0>
2019-05-16 12:15:48,939 INFO O.l.Log4JLogger [TransFlusher.DBTestPipe-Inst-0]             Duration <225> ms
2019-05-16 12:15:48,939 INFO O.l.Log4JLogger [TransFlusher.DBTestPipe-Inst-0]             Speed    <0> records /sec
2019-05-16 12:15:49,042 INFO O.l.Log4JLogger [main] Opened transaction <4> for pipeline <test>
2019-05-16 12:15:49,046 INFO O.l.Log4JLogger [TransFlusher.DBTestPipe-Inst-0] Transaction <4> closed
2019-05-16 12:15:49,046 INFO O.l.Log4JLogger [TransFlusher.DBTestPipe-Inst-0] Statistics: Records  <0>
2019-05-16 12:15:49,046 INFO O.l.Log4JLogger [TransFlusher.DBTestPipe-Inst-0]             Duration <4> ms
2019-05-16 12:15:49,046 INFO O.l.Log4JLogger [TransFlusher.DBTestPipe-Inst-0]             Speed    <0> records /sec
2019-05-16 12:15:49,148 INFO O.l.Log4JLogger [main] Opened transaction <5> for pipeline <test>
2019-05-16 12:15:49,149 INFO O.l.Log4JLogger [TransFlusher.DBTestPipe-Inst-0] Transaction <5> closed
2019-05-16 12:15:49,150 INFO O.l.Log4JLogger [TransFlusher.DBTestPipe-Inst-0] Statistics: Records  <0>
2019-05-16 12:15:49,150 INFO O.l.Log4JLogger [TransFlusher.DBTestPipe-Inst-0]             Duration <1> ms
2019-05-16 12:15:49,150 INFO O.l.Log4JLogger [TransFlusher.DBTestPipe-Inst-0]             Speed    <0> records /sec
2019-05-16 12:15:49,255 INFO O.l.Log4JLogger [main] Opened transaction <6> for pipeline <test>
2019-05-16 12:15:49,319 INFO O.l.Log4JLogger [main] Opened transaction <7> for pipeline <test>
2019-05-16 12:15:49,786 INFO O.l.Log4JLogger [TransFlusher.DBTestPipe-Inst-0] Transaction <6> closed
2019-05-16 12:15:49,786 INFO O.l.Log4JLogger [TransFlusher.DBTestPipe-Inst-0] Statistics: Records  <0>
2019-05-16 12:15:49,786 INFO O.l.Log4JLogger [TransFlusher.DBTestPipe-Inst-0]             Duration <531> ms
2019-05-16 12:15:49,786 INFO O.l.Log4JLogger [TransFlusher.DBTestPipe-Inst-0]             Speed    <0> records /sec
2019-05-16 12:15:50,007 INFO O.l.Log4JLogger [TransFlusher.DBTestPipe-Inst-0] Transaction <7> closed
2019-05-16 12:15:50,007 INFO O.l.Log4JLogger [TransFlusher.DBTestPipe-Inst-0] Statistics: Records  <0>
2019-05-16 12:15:50,007 INFO O.l.Log4JLogger [TransFlusher.DBTestPipe-Inst-0]             Duration <688> ms
2019-05-16 12:15:50,008 INFO O.l.Log4JLogger [TransFlusher.DBTestPipe-Inst-0]             Speed    <0> records /sec
2019-05-16 12:15:50,022 INFO O.l.Log4JLogger [main] Opened transaction <8> for pipeline <test>
2019-05-16 12:15:50,023 INFO O.l.Log4JLogger [main] Opened transaction <9> for pipeline <test>
2019-05-16 12:15:50,025 INFO O.l.Log4JLogger [TransFlusher.DBTestPipe-Inst-0] Transaction <8> closed
2019-05-16 12:15:50,026 INFO O.l.Log4JLogger [TransFlusher.DBTestPipe-Inst-0] Statistics: Records  <0>
2019-05-16 12:15:50,026 INFO O.l.Log4JLogger [TransFlusher.DBTestPipe-Inst-0]             Duration <3> ms
2019-05-16 12:15:50,026 INFO O.l.Log4JLogger [TransFlusher.DBTestPipe-Inst-0]             Speed    <0> records /sec
2019-05-16 12:15:50,028 INFO O.l.Log4JLogger [TransFlusher.DBTestPipe-Inst-0] Transaction <9> closed
2019-05-16 12:15:50,028 INFO O.l.Log4JLogger [TransFlusher.DBTestPipe-Inst-0] Statistics: Records  <0>
2019-05-16 12:15:50,028 INFO O.l.Log4JLogger [TransFlusher.DBTestPipe-Inst-0]             Duration <5> ms
2019-05-16 12:15:50,028 INFO O.l.Log4JLogger [TransFlusher.DBTestPipe-Inst-0]             Speed    <0> records /sec
2019-05-16 12:15:50,130 INFO O.l.Log4JLogger [main] Opened transaction <10> for pipeline <test>
2019-05-16 12:15:50,131 INFO O.l.Log4JLogger [TransFlusher.DBTestPipe-Inst-0] Transaction <10> closed
2019-05-16 12:15:50,131 INFO O.l.Log4JLogger [TransFlusher.DBTestPipe-Inst-0] Statistics: Records  <0>
2019-05-16 12:15:50,131 INFO O.l.Log4JLogger [TransFlusher.DBTestPipe-Inst-0]             Duration <1> ms
2019-05-16 12:15:50,131 INFO O.l.Log4JLogger [TransFlusher.DBTestPipe-Inst-0]             Speed    <0> records /sec
2019-05-16 12:17:31,900 DEBUG O.l.Log4JLogger [Pipeline-FlatFileTestPipe] Input  <TestInpAdapter> pushed <0> events into the valid buffer <OpenRate.buffer.ArrayListQueueBuffer@3eafdb52> in <12> ms
2019-05-16 12:17:36,908 DEBUG O.l.Log4JLogger [Pipeline-FlatFileTestPipe] Input  <TestInpAdapter> pushed <0> events into the valid buffer <OpenRate.buffer.ArrayListQueueBuffer@3eafdb52> in <1> ms
2019-05-16 12:17:38,148 DEBUG O.l.Log4JLogger [Pipeline-FlatFileTestPipe] Input  <TestInpAdapter> pushed <0> events into the valid buffer <OpenRate.buffer.ArrayListQueueBuffer@36664140> in <0> ms
2019-05-16 12:17:43,155 INFO O.l.Log4JLogger [Pipeline-FlatFileTestPipe] Opened transaction <1> for pipeline <FlatFileTestPipe>
2019-05-16 12:17:43,160 DEBUG O.l.Log4JLogger [Pipeline-FlatFileTestPipe] Input  <TestInpAdapter> pushed <3> events into the valid buffer <OpenRate.buffer.ArrayListQueueBuffer@36664140> in <7> ms
2019-05-16 12:17:43,162 INFO O.l.Log4JLogger [SOutAdapter.Inst-0] Output <SOutAdapter> persisted <3> events from a batch of <3> events in <2> ms
2019-05-16 12:17:43,163 INFO O.l.Log4JLogger [TransFlusher.FlatFileTestPipe-Inst-0] Transaction <1> closed
2019-05-16 12:17:43,163 INFO O.l.Log4JLogger [TransFlusher.FlatFileTestPipe-Inst-0] Statistics: Records  <1>
2019-05-16 12:17:43,163 INFO O.l.Log4JLogger [TransFlusher.FlatFileTestPipe-Inst-0]             Duration <8> ms
2019-05-16 12:17:43,163 INFO O.l.Log4JLogger [TransFlusher.FlatFileTestPipe-Inst-0]             Speed    <125> records /sec
2019-05-16 12:17:43,261 DEBUG O.l.Log4JLogger [Pipeline-FlatFileTestPipe] Input  <TestInpAdapter> pushed <0> events into the valid buffer <OpenRate.buffer.ArrayListQueueBuffer@36664140> in <0> ms
2019-05-16 12:17:44,460 DEBUG O.l.Log4JLogger [Pipeline-DBTestPipe] Input  <TestInpAdapter> pushed <0> events into the valid buffer <OpenRate.buffer.ArrayListQueueBuffer@5aed06ea> in <0> ms
2019-05-16 12:17:49,465 DEBUG O.l.Log4JLogger [Pipeline-DBTestPipe] Input  <TestInpAdapter> pushed <0> events into the valid buffer <OpenRate.buffer.ArrayListQueueBuffer@5aed06ea> in <0> ms
2019-05-16 12:17:50,729 DEBUG O.l.Log4JLogger [Pipeline-DBTestPipe] Input  <TestInpAdapter> pushed <0> events into the valid buffer <OpenRate.buffer.ArrayListQueueBuffer@4dc2f330> in <0> ms
2019-05-16 12:17:55,736 DEBUG O.l.Log4JLogger [Pipeline-DBTestPipe] Input  <TestInpAdapter> pushed <0> events into the valid buffer <OpenRate.buffer.ArrayListQueueBuffer@4dc2f330> in <0> ms
2019-05-16 12:17:56,981 DEBUG O.l.Log4JLogger [Pipeline-DBTestPipe] Input  <TestInpAdapter> pushed <0> events into the valid buffer <OpenRate.buffer.ArrayListQueueBuffer@1cd16868> in <0> ms
2019-05-16 12:18:01,983 DEBUG O.l.Log4JLogger [Pipeline-DBTestPipe] Input  <TestInpAdapter> pushed <0> events into the valid buffer <OpenRate.buffer.ArrayListQueueBuffer@1cd16868> in <0> ms
2019-05-16 12:18:11,484 INFO O.l.Log4JLogger [main] Opened transaction <2> for pipeline <test>
2019-05-16 12:18:11,502 INFO O.l.Log4JLogger [TransFlusher.DBTestPipe-Inst-0] Transaction <2> closed
2019-05-16 12:18:11,502 INFO O.l.Log4JLogger [TransFlusher.DBTestPipe-Inst-0] Statistics: Records  <0>
2019-05-16 12:18:11,502 INFO O.l.Log4JLogger [TransFlusher.DBTestPipe-Inst-0]             Duration <19> ms
2019-05-16 12:18:11,503 INFO O.l.Log4JLogger [TransFlusher.DBTestPipe-Inst-0]             Speed    <0> records /sec
2019-05-16 12:18:11,603 INFO O.l.Log4JLogger [main] Opened transaction <3> for pipeline <test>
2019-05-16 12:18:13,772 INFO O.l.Log4JLogger [TransFlusher.DBTestPipe-Inst-0] Transaction <3> closed
2019-05-16 12:18:13,772 INFO O.l.Log4JLogger [TransFlusher.DBTestPipe-Inst-0] Statistics: Records  <0>
2019-05-16 12:18:13,772 INFO O.l.Log4JLogger [TransFlusher.DBTestPipe-Inst-0]             Duration <2169> ms
2019-05-16 12:18:13,772 INFO O.l.Log4JLogger [TransFlusher.DBTestPipe-Inst-0]             Speed    <0> records /sec
2019-05-16 12:18:13,818 INFO O.l.Log4JLogger [main] Opened transaction <4> for pipeline <test>
2019-05-16 12:18:13,821 INFO O.l.Log4JLogger [TransFlusher.DBTestPipe-Inst-0] Transaction <4> closed
2019-05-16 12:18:13,822 INFO O.l.Log4JLogger [TransFlusher.DBTestPipe-Inst-0] Statistics: Records  <0>
2019-05-16 12:18:13,822 INFO O.l.Log4JLogger [TransFlusher.DBTestPipe-Inst-0]             Duration <3> ms
2019-05-16 12:18:13,822 INFO O.l.Log4JLogger [TransFlusher.DBTestPipe-Inst-0]             Speed    <0> records /sec
2019-05-16 12:18:13,924 INFO O.l.Log4JLogger [main] Opened transaction <5> for pipeline <test>
2019-05-16 12:18:13,927 INFO O.l.Log4JLogger [TransFlusher.DBTestPipe-Inst-0] Transaction <5> closed
2019-05-16 12:18:13,928 INFO O.l.Log4JLogger [TransFlusher.DBTestPipe-Inst-0] Statistics: Records  <0>
2019-05-16 12:18:13,928 INFO O.l.Log4JLogger [TransFlusher.DBTestPipe-Inst-0]             Duration <3> ms
2019-05-16 12:18:13,928 INFO O.l.Log4JLogger [TransFlusher.DBTestPipe-Inst-0]             Speed    <0> records /sec
2019-05-16 12:18:14,029 INFO O.l.Log4JLogger [main] Opened transaction <6> for pipeline <test>
2019-05-16 12:18:14,154 INFO O.l.Log4JLogger [main] Opened transaction <7> for pipeline <test>
2019-05-16 12:18:15,315 INFO O.l.Log4JLogger [TransFlusher.DBTestPipe-Inst-0] Transaction <6> closed
2019-05-16 12:18:15,315 INFO O.l.Log4JLogger [TransFlusher.DBTestPipe-Inst-0] Statistics: Records  <0>
2019-05-16 12:18:15,315 INFO O.l.Log4JLogger [TransFlusher.DBTestPipe-Inst-0]             Duration <1286> ms
2019-05-16 12:18:15,316 INFO O.l.Log4JLogger [TransFlusher.DBTestPipe-Inst-0]             Speed    <0> records /sec
2019-05-16 12:18:15,855 INFO O.l.Log4JLogger [TransFlusher.DBTestPipe-Inst-0] Transaction <7> closed
2019-05-16 12:18:15,855 INFO O.l.Log4JLogger [TransFlusher.DBTestPipe-Inst-0] Statistics: Records  <0>
2019-05-16 12:18:15,855 INFO O.l.Log4JLogger [TransFlusher.DBTestPipe-Inst-0]             Duration <1701> ms
2019-05-16 12:18:15,855 INFO O.l.Log4JLogger [TransFlusher.DBTestPipe-Inst-0]             Speed    <0> records /sec
2019-05-16 12:18:15,905 INFO O.l.Log4JLogger [main] Opened transaction <8> for pipeline <test>
2019-05-16 12:18:15,905 INFO O.l.Log4JLogger [main] Opened transaction <9> for pipeline <test>
2019-05-16 12:18:15,912 INFO O.l.Log4JLogger [TransFlusher.DBTestPipe-Inst-0] Transaction <8> closed
2019-05-16 12:18:15,912 INFO O.l.Log4JLogger [TransFlusher.DBTestPipe-Inst-0] Statistics: Records  <0>
2019-05-16 12:18:15,912 INFO O.l.Log4JLogger [TransFlusher.DBTestPipe-Inst-0]             Duration <7> ms
2019-05-16 12:18:15,912 INFO O.l.Log4JLogger [TransFlusher.DBTestPipe-Inst-0]             Speed    <0> records /sec
2019-05-16 12:18:15,921 INFO O.l.Log4JLogger [TransFlusher.DBTestPipe-Inst-0] Transaction <9> closed
2019-05-16 12:18:15,921 INFO O.l.Log4JLogger [TransFlusher.DBTestPipe-Inst-0] Statistics: Records  <0>
2019-05-16 12:18:15,921 INFO O.l.Log4JLogger [TransFlusher.DBTestPipe-Inst-0]             Duration <16> ms
2019-05-16 12:18:15,922 INFO O.l.Log4JLogger [TransFlusher.DBTestPipe-Inst-0]             Speed    <0> records /sec
2019-05-16 12:18:16,011 INFO O.l.Log4JLogger [main] Opened transaction <10> for pipeline <test>
2019-05-16 12:18:16,013 INFO O.l.Log4JLogger [TransFlusher.DBTestPipe-Inst-0] Transaction <10> closed
2019-05-16 12:18:16,013 INFO O.l.Log4JLogger [TransFlusher.DBTestPipe-Inst-0] Statistics: Records  <0>
2019-05-16 12:18:16,014 INFO O.l.Log4JLogger [TransFlusher.DBTestPipe-Inst-0]             Duration <2> ms
2019-05-16 12:18:16,014 INFO O.l.Log4JLogger [TransFlusher.DBTestPipe-Inst-0]             Speed    <0> records /sec
